Using pre-set license
Built from '2021.3/staging' branch; Version is '2021.3.21f1 (1b156197d683) revision 1774945'; Using compiler version '192829333'; Build Type 'Release'
OS: 'Windows 11  (10.0.22621) 64bit CoreSingleLanguage' Language: 'ru' Physical Memory: 48990 MB
BatchMode: 1, IsHumanControllingUs: 0, StartBugReporterOnCrash: 0, Is64bit: 1, IsPro: 1

COMMAND LINE ARGUMENTS:
C:\Program Files\Unity\Hub\Editor\2021.3.21f1\Editor\Unity.exe
-adb2
-batchMode
-noUpm
-name
AssetImportWorker4
-projectPath
C:/Users/pered/My project
-logFile
Logs/AssetImportWorker4.log
-srvPort
53503
Successfully changed project path to: C:/Users/pered/My project
C:/Users/pered/My project
[UnityMemory] Configuration Parameters - Can be set up in boot.config
    "memorysetup-bucket-allocator-granularity=16"
    "memorysetup-bucket-allocator-bucket-count=8"
    "memorysetup-bucket-allocator-block-size=33554432"
    "memorysetup-bucket-allocator-block-count=8"
    "memorysetup-main-allocator-block-size=16777216"
    "memorysetup-thread-allocator-block-size=16777216"
    "memorysetup-gfx-main-allocator-block-size=16777216"
    "memorysetup-gfx-thread-allocator-block-size=16777216"
    "memorysetup-cache-allocator-block-size=4194304"
    "memorysetup-typetree-allocator-block-size=2097152"
    "memorysetup-profiler-bucket-allocator-granularity=16"
    "memorysetup-profiler-bucket-allocator-bucket-count=8"
    "memorysetup-profiler-bucket-allocator-block-size=33554432"
    "memorysetup-profiler-bucket-allocator-block-count=8"
    "memorysetup-profiler-allocator-block-size=16777216"
    "memorysetup-profiler-editor-allocator-block-size=1048576"
    "memorysetup-temp-allocator-size-main=16777216"
    "memorysetup-job-temp-allocator-block-size=2097152"
    "memorysetup-job-temp-allocator-block-size-background=1048576"
    "memorysetup-job-temp-allocator-reduction-small-platforms=262144"
    "memorysetup-temp-allocator-size-background-worker=32768"
    "memorysetup-temp-allocator-size-job-worker=262144"
    "memorysetup-temp-allocator-size-preload-manager=33554432"
    "memorysetup-temp-allocator-size-nav-mesh-worker=65536"
    "memorysetup-temp-allocator-size-audio-worker=65536"
    "memorysetup-temp-allocator-size-cloud-worker=32768"
    "memorysetup-temp-allocator-size-gi-baking-worker=262144"
    "memorysetup-temp-allocator-size-gfx=262144"
Player connection [7676] Host "[IP] 192.168.0.105 [Port] 0 [Flags] 2 [Guid] 925675930 [EditorId] 925675930 [Version] 1048832 [Id] WindowsEditor(7,Lidsiy) [Debug] 1 [PackageName] WindowsEditor [ProjectName] Editor" joined multi-casting on [225.0.0.222:54997]...

Player connection [7676] Host "[IP] 192.168.0.105 [Port] 0 [Flags] 2 [Guid] 925675930 [EditorId] 925675930 [Version] 1048832 [Id] WindowsEditor(7,Lidsiy) [Debug] 1 [PackageName] WindowsEditor [ProjectName] Editor" joined alternative multi-casting on [225.0.0.222:34997]...

Refreshing native plugins compatible for Editor in 49.62 ms, found 3 plugins.
Preloading 0 native plugins for Editor in 0.00 ms.
Initialize engine version: 2021.3.21f1 (1b156197d683)
[Subsystems] Discovering subsystems at path C:/Program Files/Unity/Hub/Editor/2021.3.21f1/Editor/Data/Resources/UnitySubsystems
[Subsystems] Discovering subsystems at path C:/Users/pered/My project/Assets
GfxDevice: creating device client; threaded=0; jobified=0
Direct3D:
    Version:  Direct3D 11.0 [level 11.1]
    Renderer: NVIDIA GeForce RTX 3060 (ID=0x2504)
    Vendor:   NVIDIA
    VRAM:     12129 MB
    Driver:   31.0.15.3623
Initialize mono
Mono path[0] = 'C:/Program Files/Unity/Hub/Editor/2021.3.21f1/Editor/Data/Managed'
Mono path[1] = 'C:/Program Files/Unity/Hub/Editor/2021.3.21f1/Editor/Data/MonoBleedingEdge/lib/mono/unityjit-win32'
Mono config path = 'C:/Program Files/Unity/Hub/Editor/2021.3.21f1/Editor/Data/MonoBleedingEdge/etc'
Using monoOptions --debugger-agent=transport=dt_socket,embedding=1,server=y,suspend=n,address=127.0.0.1:56092
Begin MonoManager ReloadAssembly
Registering precompiled unity dll's ...
Register platform support module: C:/Program Files/Unity/Hub/Editor/2021.3.21f1/Editor/Data/PlaybackEngines/AndroidPlayer/UnityEditor.Android.Extensions.dll
Register platform support module: C:/Program Files/Unity/Hub/Editor/2021.3.21f1/Editor/Data/PlaybackEngines/WindowsStandaloneSupport/UnityEditor.WindowsStandalone.Extensions.dll
Registered in 0.002747 seconds.
Native extension for WindowsStandalone target not found
Native extension for Android target not found
Android Extension - Scanning For ADB Devices 153 ms
Refreshing native plugins compatible for Editor in 49.31 ms, found 3 plugins.
Preloading 0 native plugins for Editor in 0.00 ms.
Mono: successfully reloaded assembly
- Completed reload, in  0.563 seconds
Domain Reload Profiling:
	ReloadAssembly (563ms)
		BeginReloadAssembly (51ms)
			ExecutionOrderSort (0ms)
			DisableScriptedObjects (0ms)
			BackupInstance (0ms)
			ReleaseScriptingObjects (0ms)
			CreateAndSetChildDomain (0ms)
		EndReloadAssembly (451ms)
			LoadAssemblies (50ms)
			RebuildTransferFunctionScriptingTraits (0ms)
			SetupTypeCache (67ms)
			ReleaseScriptCaches (0ms)
			RebuildScriptCaches (17ms)
			SetupLoadedEditorAssemblies (334ms)
				LogAssemblyErrors (0ms)
				InitializePlatformSupportModulesInManaged (196ms)
				SetLoadedEditorAssemblies (0ms)
				RefreshPlugins (49ms)
				BeforeProcessingInitializeOnLoad (1ms)
				ProcessInitializeOnLoadAttributes (60ms)
				ProcessInitializeOnLoadMethodAttributes (28ms)
				AfterProcessingInitializeOnLoad (0ms)
				EditorAssembliesLoaded (0ms)
			ExecutionOrderSort2 (0ms)
			AwakeInstancesAfterBackupRestoration (0ms)
Platform modules already initialized, skipping
Registering precompiled user dll's ...
Registered in 0.003009 seconds.
Begin MonoManager ReloadAssembly
Symbol file LoadedFromMemory doesn't match image C:\Users\pered\My project\Library\PackageCache\com.unity.visualscripting@1.8.0\Editor\VisualScripting.Core\Dependencies\YamlDotNet\Unity.VisualScripting.YamlDotNet.dll
Symbol file LoadedFromMemory doesn't match image C:\Users\pered\My project\Library\PackageCache\com.unity.visualscripting@1.8.0\Editor\VisualScripting.Core\Dependencies\DotNetZip\Unity.VisualScripting.IonicZip.dll
Native extension for WindowsStandalone target not found
Native extension for Android target not found
Refreshing native plugins compatible for Editor in 0.33 ms, found 3 plugins.
Preloading 0 native plugins for Editor in 0.00 ms.
Mono: successfully reloaded assembly
- Completed reload, in  0.630 seconds
Domain Reload Profiling:
	ReloadAssembly (631ms)
		BeginReloadAssembly (73ms)
			ExecutionOrderSort (0ms)
			DisableScriptedObjects (4ms)
			BackupInstance (0ms)
			ReleaseScriptingObjects (0ms)
			CreateAndSetChildDomain (13ms)
		EndReloadAssembly (489ms)
			LoadAssemblies (52ms)
			RebuildTransferFunctionScriptingTraits (0ms)
			SetupTypeCache (173ms)
			ReleaseScriptCaches (0ms)
			RebuildScriptCaches (31ms)
			SetupLoadedEditorAssemblies (210ms)
				LogAssemblyErrors (0ms)
				InitializePlatformSupportModulesInManaged (11ms)
				SetLoadedEditorAssemblies (0ms)
				RefreshPlugins (0ms)
				BeforeProcessingInitializeOnLoad (47ms)
				ProcessInitializeOnLoadAttributes (136ms)
				ProcessInitializeOnLoadMethodAttributes (12ms)
				AfterProcessingInitializeOnLoad (3ms)
				EditorAssembliesLoaded (0ms)
			ExecutionOrderSort2 (0ms)
			AwakeInstancesAfterBackupRestoration (4ms)
Platform modules already initialized, skipping
========================================================================
Worker process is ready to serve import requests
Launched and connected shader compiler UnityShaderCompiler.exe after 0.03 seconds
Refreshing native plugins compatible for Editor in 0.34 ms, found 3 plugins.
Preloading 0 native plugins for Editor in 0.00 ms.
Unloading 3050 Unused Serialized files (Serialized files now loaded: 0)
Unloading 24 unused Assets / (113.4 KB). Loaded Objects now: 3513.
Memory consumption went from 107.8 MB to 107.7 MB.
Total: 2.222000 ms (FindLiveObjects: 0.178900 ms CreateObjectMapping: 0.069600 ms MarkObjects: 1.889100 ms  DeleteObjects: 0.083200 ms)

AssetImportParameters requested are different than current active one (requested -> active):
  custom:video-decoder-ogg-theora: a1e56fd34408186e4bbccfd4996cb3dc -> 
  custom:container-muxer-webm: aa71ff27fc2769a1b78a27578f13a17b -> 
  custom:container-demuxer-webm: 4f35f7cbe854078d1ac9338744f61a02 -> 
  custom:video-encoder-webm-vp8: eb34c28f22e8b96e1ab97ce403110664 -> 
  custom:video-codec-MediaFoundation-h265: 746d11721c4dcdbdad8f713fa42b33f4 -> 
  custom:audio-encoder-webm-vorbis: bf7c407c2cedff20999df2af8eb42d56 -> 
  custom:framework-win-MediaFoundation: 216162199b28c13a410421893ffa2e32 -> 
  custom:container-demuxer-ogg: 62fdf1f143b41e24485cea50d1cbac27 -> 
  custom:video-decoder-webm-vp8: 9c59270c3fd7afecdb556c50c9e8de78 -> 
  custom:audio-decoder-ogg-vorbis: bf7c407c2cedff20999df2af8eb42d56 -> 
========================================================================
Received Import Request.
  Time since last request: 20631.333874 seconds.
  path: Assets/BrokenVector/LowPolyDungeon/Prefabs/Furniture/Amphora_Stand.prefab
  artifactKey: Guid(f5709a3035aa0ca4d94745aaf44038fd) Importer(815301076,1909f56bfc062723c751e8b465ee728b)
Start importing Assets/BrokenVector/LowPolyDungeon/Prefabs/Furniture/Amphora_Stand.prefab using Guid(f5709a3035aa0ca4d94745aaf44038fd) Importer(815301076,1909f56bfc062723c751e8b465ee728b)  -> (artifact id: 'c4bbd8c8f64fd65a4bb67f146cd48610') in 0.108489 seconds 
========================================================================
Received Import Request.
  Time since last request: 0.000023 seconds.
  path: Assets/BrokenVector/LowPolyDungeon/Prefabs/Furniture/Chair.prefab
  artifactKey: Guid(dc02f77b0506f764c9d22c61c681c4af) Importer(815301076,1909f56bfc062723c751e8b465ee728b)
Start importing Assets/BrokenVector/LowPolyDungeon/Prefabs/Furniture/Chair.prefab using Guid(dc02f77b0506f764c9d22c61c681c4af) Importer(815301076,1909f56bfc062723c751e8b465ee728b)  -> (artifact id: 'a433323c9e51f4fc511bb4082ef74625') in 0.013121 seconds 
========================================================================
Received Import Request.
  Time since last request: 0.000030 seconds.
  path: Assets/BrokenVector/LowPolyDungeon/Prefabs/Furniture/WeaponRack_Big.prefab
  artifactKey: Guid(797162f1e2611d14bac618083727de40) Importer(815301076,1909f56bfc062723c751e8b465ee728b)
Start importing Assets/BrokenVector/LowPolyDungeon/Prefabs/Furniture/WeaponRack_Big.prefab using Guid(797162f1e2611d14bac618083727de40) Importer(815301076,1909f56bfc062723c751e8b465ee728b)  -> (artifact id: 'b8979cb2a4db5a7202e5330fbbef9e5c') in 0.010918 seconds 
========================================================================
Received Import Request.
  Time since last request: 0.000018 seconds.
  path: Assets/BrokenVector/LowPolyDungeon/Prefabs/Furniture/ChestSmall.prefab
  artifactKey: Guid(e30cba1a921baf34084ac60b89ad0979) Importer(815301076,1909f56bfc062723c751e8b465ee728b)
Start importing Assets/BrokenVector/LowPolyDungeon/Prefabs/Furniture/ChestSmall.prefab using Guid(e30cba1a921baf34084ac60b89ad0979) Importer(815301076,1909f56bfc062723c751e8b465ee728b)  -> (artifact id: '193a0d209bf8d5c04fdfd26310d09e30') in 0.014928 seconds 
========================================================================
Received Import Request.
  Time since last request: 0.000019 seconds.
  path: Assets/BrokenVector/LowPolyDungeon/Prefabs/Furniture/Oven.prefab
  artifactKey: Guid(c5ef04fb4ce25e046956b9dc2a11ead8) Importer(815301076,1909f56bfc062723c751e8b465ee728b)
Start importing Assets/BrokenVector/LowPolyDungeon/Prefabs/Furniture/Oven.prefab using Guid(c5ef04fb4ce25e046956b9dc2a11ead8) Importer(815301076,1909f56bfc062723c751e8b465ee728b)  -> (artifact id: 'dcc01f536c4f8345b85ca79908587bcc') in 0.010340 seconds 
========================================================================
Received Import Request.
  Time since last request: 0.000025 seconds.
  path: Assets/BrokenVector/LowPolyDungeon/Prefabs/Furniture/Stool_round.prefab
  artifactKey: Guid(a8acfdda1f8f6064bbf4e2fe34b27e67) Importer(815301076,1909f56bfc062723c751e8b465ee728b)
Start importing Assets/BrokenVector/LowPolyDungeon/Prefabs/Furniture/Stool_round.prefab using Guid(a8acfdda1f8f6064bbf4e2fe34b27e67) Importer(815301076,1909f56bfc062723c751e8b465ee728b)  -> (artifact id: 'c2c3e02c86dfda6dbb2f73d5b0c17219') in 0.010412 seconds 
========================================================================
Received Import Request.
  Time since last request: 0.000016 seconds.
  path: Assets/BrokenVector/LowPolyDungeon/Prefabs/Furniture/Stool_square.prefab
  artifactKey: Guid(a05d4d94c1106004abcd87df4b8f1777) Importer(815301076,1909f56bfc062723c751e8b465ee728b)
Start importing Assets/BrokenVector/LowPolyDungeon/Prefabs/Furniture/Stool_square.prefab using Guid(a05d4d94c1106004abcd87df4b8f1777) Importer(815301076,1909f56bfc062723c751e8b465ee728b)  -> (artifact id: 'bc6ae8f41241d5d368715d6ad089c27e') in 0.011361 seconds 
========================================================================
Received Import Request.
  Time since last request: 0.000019 seconds.
  path: Assets/BrokenVector/LowPolyDungeon/Prefabs/Furniture/CoatHook.prefab
  artifactKey: Guid(842735df7d8eccf4c8d59febf0d5988f) Importer(815301076,1909f56bfc062723c751e8b465ee728b)
Start importing Assets/BrokenVector/LowPolyDungeon/Prefabs/Furniture/CoatHook.prefab using Guid(842735df7d8eccf4c8d59febf0d5988f) Importer(815301076,1909f56bfc062723c751e8b465ee728b)  -> (artifact id: '82c6bdcbef3642c15e3394f2daa8fe83') in 0.010737 seconds 
========================================================================
Received Import Request.
  Time since last request: 0.000014 seconds.
  path: Assets/BrokenVector/LowPolyDungeon/Prefabs/Furniture/Table_Small.prefab
  artifactKey: Guid(ce285a7430946e24ca0a9218777a7805) Importer(815301076,1909f56bfc062723c751e8b465ee728b)
Start importing Assets/BrokenVector/LowPolyDungeon/Prefabs/Furniture/Table_Small.prefab using Guid(ce285a7430946e24ca0a9218777a7805) Importer(815301076,1909f56bfc062723c751e8b465ee728b)  -> (artifact id: '838b55c0911c08566059ec5493aa69cf') in 0.011548 seconds 
========================================================================
Received Import Request.
  Time since last request: 0.567941 seconds.
  path: Assets/BrokenVector/LowPolyDungeon/Prefabs/Clutter/Amphora.prefab
  artifactKey: Guid(afc3fedc78427f04097996d062288c66) Importer(815301076,1909f56bfc062723c751e8b465ee728b)
Start importing Assets/BrokenVector/LowPolyDungeon/Prefabs/Clutter/Amphora.prefab using Guid(afc3fedc78427f04097996d062288c66) Importer(815301076,1909f56bfc062723c751e8b465ee728b)  -> (artifact id: 'cb4a6cf604f23d5becf7c122b9ef346d') in 0.011714 seconds 
========================================================================
Received Import Request.
  Time since last request: 0.000018 seconds.
  path: Assets/BrokenVector/LowPolyDungeon/Prefabs/Clutter/Book_Small_Brown.prefab
  artifactKey: Guid(cd2c04b39e3823a47a81bb93247b2d67) Importer(815301076,1909f56bfc062723c751e8b465ee728b)
Start importing Assets/BrokenVector/LowPolyDungeon/Prefabs/Clutter/Book_Small_Brown.prefab using Guid(cd2c04b39e3823a47a81bb93247b2d67) Importer(815301076,1909f56bfc062723c751e8b465ee728b)  -> (artifact id: '09b70d5b7fa3c9e30a71162a7085baa2') in 0.011621 seconds 
========================================================================
Received Import Request.
  Time since last request: 0.000019 seconds.
  path: Assets/BrokenVector/LowPolyDungeon/Prefabs/Clutter/Lock.prefab
  artifactKey: Guid(f101a2b4504c3d04a95511ba8b3543e3) Importer(815301076,1909f56bfc062723c751e8b465ee728b)
Start importing Assets/BrokenVector/LowPolyDungeon/Prefabs/Clutter/Lock.prefab using Guid(f101a2b4504c3d04a95511ba8b3543e3) Importer(815301076,1909f56bfc062723c751e8b465ee728b)  -> (artifact id: '9572c9ccd8c68816e3c00856542bef8a') in 0.010133 seconds 
========================================================================
Received Import Request.
  Time since last request: 0.000017 seconds.
  path: Assets/BrokenVector/LowPolyDungeon/Prefabs/Clutter/Potato.prefab
  artifactKey: Guid(fbd964f5dc556d64daede200dc2e89d0) Importer(815301076,1909f56bfc062723c751e8b465ee728b)
Start importing Assets/BrokenVector/LowPolyDungeon/Prefabs/Clutter/Potato.prefab using Guid(fbd964f5dc556d64daede200dc2e89d0) Importer(815301076,1909f56bfc062723c751e8b465ee728b)  -> (artifact id: '7caa801cfd9591f7c1545f7c1256f8b4') in 0.009517 seconds 
========================================================================
Received Import Request.
  Time since last request: 0.000014 seconds.
  path: Assets/BrokenVector/LowPolyDungeon/Prefabs/Clutter/Shield.prefab
  artifactKey: Guid(628b35708d1b48849ae6ee2b707ee8f1) Importer(815301076,1909f56bfc062723c751e8b465ee728b)
Start importing Assets/BrokenVector/LowPolyDungeon/Prefabs/Clutter/Shield.prefab using Guid(628b35708d1b48849ae6ee2b707ee8f1) Importer(815301076,1909f56bfc062723c751e8b465ee728b)  -> (artifact id: '0415e84cdb341857ecdcd5ab7e870974') in 0.010191 seconds 
========================================================================
Received Import Request.
  Time since last request: 0.000015 seconds.
  path: Assets/BrokenVector/LowPolyDungeon/Prefabs/Clutter/Bone.prefab
  artifactKey: Guid(5c58fb2d7ad52444f85fc37bcad1f0a5) Importer(815301076,1909f56bfc062723c751e8b465ee728b)
Start importing Assets/BrokenVector/LowPolyDungeon/Prefabs/Clutter/Bone.prefab using Guid(5c58fb2d7ad52444f85fc37bcad1f0a5) Importer(815301076,1909f56bfc062723c751e8b465ee728b)  -> (artifact id: 'fb842a29c616666ca053340473f57c4a') in 0.009420 seconds 
========================================================================
Received Import Request.
  Time since last request: 0.000015 seconds.
  path: Assets/BrokenVector/LowPolyDungeon/Prefabs/Clutter/Plant_Root.prefab
  artifactKey: Guid(dd46835ba98bdda46807dfc0f3f9c889) Importer(815301076,1909f56bfc062723c751e8b465ee728b)
Start importing Assets/BrokenVector/LowPolyDungeon/Prefabs/Clutter/Plant_Root.prefab using Guid(dd46835ba98bdda46807dfc0f3f9c889) Importer(815301076,1909f56bfc062723c751e8b465ee728b)  -> (artifact id: 'c7d7be86bd30256849bb820488236d12') in 0.010392 seconds 
========================================================================
Received Import Request.
  Time since last request: 0.000024 seconds.
  path: Assets/BrokenVector/LowPolyDungeon/Prefabs/Clutter/Meat.prefab
  artifactKey: Guid(112215925bb5334408b09b15b0f2d939) Importer(815301076,1909f56bfc062723c751e8b465ee728b)
Start importing Assets/BrokenVector/LowPolyDungeon/Prefabs/Clutter/Meat.prefab using Guid(112215925bb5334408b09b15b0f2d939) Importer(815301076,1909f56bfc062723c751e8b465ee728b)  -> (artifact id: 'bddfb0a0f9b30eb97cfc8d1d4277dade') in 0.010710 seconds 
========================================================================
Received Import Request.
  Time since last request: 0.000016 seconds.
  path: Assets/BrokenVector/LowPolyDungeon/Prefabs/Clutter/Spoon.prefab
  artifactKey: Guid(e1fcee434c875124d9a75e52b62ad290) Importer(815301076,1909f56bfc062723c751e8b465ee728b)
Start importing Assets/BrokenVector/LowPolyDungeon/Prefabs/Clutter/Spoon.prefab using Guid(e1fcee434c875124d9a75e52b62ad290) Importer(815301076,1909f56bfc062723c751e8b465ee728b)  -> (artifact id: '1099c67833bb3df2e4635c6f9da76797') in 0.009926 seconds 
========================================================================
Received Import Request.
  Time since last request: 0.000021 seconds.
  path: Assets/BrokenVector/LowPolyDungeon/Prefabs/Clutter/FirewoodStack.prefab
  artifactKey: Guid(e41d746696116cc41881f2c82c8aa7c4) Importer(815301076,1909f56bfc062723c751e8b465ee728b)
Start importing Assets/BrokenVector/LowPolyDungeon/Prefabs/Clutter/FirewoodStack.prefab using Guid(e41d746696116cc41881f2c82c8aa7c4) Importer(815301076,1909f56bfc062723c751e8b465ee728b)  -> (artifact id: '0598018f7fb1420f55d224d3ccc461ee') in 0.011525 seconds 
========================================================================
Received Import Request.
  Time since last request: 0.000014 seconds.
  path: Assets/BrokenVector/LowPolyDungeon/Prefabs/Clutter/Book_Green.prefab
  artifactKey: Guid(6c83909939429c1478d2869f00f95462) Importer(815301076,1909f56bfc062723c751e8b465ee728b)
Start importing Assets/BrokenVector/LowPolyDungeon/Prefabs/Clutter/Book_Green.prefab using Guid(6c83909939429c1478d2869f00f95462) Importer(815301076,1909f56bfc062723c751e8b465ee728b)  -> (artifact id: '5731409bcc682dd45b2a6226ad253a92') in 0.010902 seconds 
========================================================================
Received Import Request.
  Time since last request: 0.000017 seconds.
  path: Assets/BrokenVector/LowPolyDungeon/Prefabs/Clutter/Potion_Green.prefab
  artifactKey: Guid(9122802f90381f84d8b8a93daaf9717a) Importer(815301076,1909f56bfc062723c751e8b465ee728b)
Start importing Assets/BrokenVector/LowPolyDungeon/Prefabs/Clutter/Potion_Green.prefab using Guid(9122802f90381f84d8b8a93daaf9717a) Importer(815301076,1909f56bfc062723c751e8b465ee728b)  -> (artifact id: '42fc0f8775522db5feb44483fcd1ef59') in 0.012210 seconds 
========================================================================
Received Import Request.
  Time since last request: 0.000019 seconds.
  path: Assets/BrokenVector/LowPolyDungeon/Prefabs/Clutter/Flask.prefab
  artifactKey: Guid(36e40447bab70064ea6c6858147b7c57) Importer(815301076,1909f56bfc062723c751e8b465ee728b)
Start importing Assets/BrokenVector/LowPolyDungeon/Prefabs/Clutter/Flask.prefab using Guid(36e40447bab70064ea6c6858147b7c57) Importer(815301076,1909f56bfc062723c751e8b465ee728b)  -> (artifact id: '71f62decffc54b2ac8d491e58be8e2a2') in 0.011991 seconds 
========================================================================
Received Import Request.
  Time since last request: 0.000016 seconds.
  path: Assets/BrokenVector/LowPolyDungeon/Prefabs/Clutter/Jar_Big.prefab
  artifactKey: Guid(741afadbc8ee8d6498f2ac5ed155cefb) Importer(815301076,1909f56bfc062723c751e8b465ee728b)
Start importing Assets/BrokenVector/LowPolyDungeon/Prefabs/Clutter/Jar_Big.prefab using Guid(741afadbc8ee8d6498f2ac5ed155cefb) Importer(815301076,1909f56bfc062723c751e8b465ee728b)  -> (artifact id: '9d5d3e03464da39bae8435e53270c1d1') in 0.011248 seconds 
========================================================================
Received Import Request.
  Time since last request: 0.000016 seconds.
  path: Assets/BrokenVector/LowPolyDungeon/Prefabs/Clutter/Book_Open.prefab
  artifactKey: Guid(6353832c19eb9674b8143b16ab17c820) Importer(815301076,1909f56bfc062723c751e8b465ee728b)
Start importing Assets/BrokenVector/LowPolyDungeon/Prefabs/Clutter/Book_Open.prefab using Guid(6353832c19eb9674b8143b16ab17c820) Importer(815301076,1909f56bfc062723c751e8b465ee728b)  -> (artifact id: '03f211659928d74b2a53939e71a22e66') in 0.008846 seconds 
========================================================================
Received Import Request.
  Time since last request: 0.000018 seconds.
  path: Assets/BrokenVector/LowPolyDungeon/Prefabs/Clutter/SwitchSecret.prefab
  artifactKey: Guid(e574f658d3fabcc43bdbe89b4425b18b) Importer(815301076,1909f56bfc062723c751e8b465ee728b)
Start importing Assets/BrokenVector/LowPolyDungeon/Prefabs/Clutter/SwitchSecret.prefab using Guid(e574f658d3fabcc43bdbe89b4425b18b) Importer(815301076,1909f56bfc062723c751e8b465ee728b)  -> (artifact id: 'dd66c21580f473f21704b00319d99965') in 0.010704 seconds 
========================================================================
Received Import Request.
  Time since last request: 0.000024 seconds.
  path: Assets/BrokenVector/LowPolyDungeon/Prefabs/Clutter/Bottle.prefab
  artifactKey: Guid(3afb8732572259f48b225fe84c54f700) Importer(815301076,1909f56bfc062723c751e8b465ee728b)
Start importing Assets/BrokenVector/LowPolyDungeon/Prefabs/Clutter/Bottle.prefab using Guid(3afb8732572259f48b225fe84c54f700) Importer(815301076,1909f56bfc062723c751e8b465ee728b)  -> (artifact id: 'cbd42fe72db6e1bf04135f70309e553f') in 0.010466 seconds 
========================================================================
Received Import Request.
  Time since last request: 0.000019 seconds.
  path: Assets/BrokenVector/LowPolyDungeon/Prefabs/Clutter/Flask_Small.prefab
  artifactKey: Guid(f9be67b5c2b943c4298ffa1eb91ccf87) Importer(815301076,1909f56bfc062723c751e8b465ee728b)
Start importing Assets/BrokenVector/LowPolyDungeon/Prefabs/Clutter/Flask_Small.prefab using Guid(f9be67b5c2b943c4298ffa1eb91ccf87) Importer(815301076,1909f56bfc062723c751e8b465ee728b)  -> (artifact id: '75d9e73c63c918c06cb2c200bab99669') in 0.010725 seconds 
========================================================================
Received Import Request.
  Time since last request: 0.000020 seconds.
  path: Assets/BrokenVector/LowPolyDungeon/Prefabs/Clutter/Book_DeepRed.prefab
  artifactKey: Guid(f70ad1fd5f3819b42aaeca6741dfa8c2) Importer(815301076,1909f56bfc062723c751e8b465ee728b)
Start importing Assets/BrokenVector/LowPolyDungeon/Prefabs/Clutter/Book_DeepRed.prefab using Guid(f70ad1fd5f3819b42aaeca6741dfa8c2) Importer(815301076,1909f56bfc062723c751e8b465ee728b)  -> (artifact id: '5a4878243a73e28112a30ac990206374') in 0.011676 seconds 
========================================================================
Received Import Request.
  Time since last request: 0.000017 seconds.
  path: Assets/BrokenVector/LowPolyDungeon/Prefabs/Clutter/Scroll_Stack.prefab
  artifactKey: Guid(2e12945ebe1b72244a54adef7e7dc627) Importer(815301076,1909f56bfc062723c751e8b465ee728b)
Start importing Assets/BrokenVector/LowPolyDungeon/Prefabs/Clutter/Scroll_Stack.prefab using Guid(2e12945ebe1b72244a54adef7e7dc627) Importer(815301076,1909f56bfc062723c751e8b465ee728b)  -> (artifact id: '5a5a40cfc79b35bedea89cdb8cbad2ac') in 0.009989 seconds 
========================================================================
Received Import Request.
  Time since last request: 0.000017 seconds.
  path: Assets/BrokenVector/LowPolyDungeon/Prefabs/Clutter/Spear.prefab
  artifactKey: Guid(fae58f9aaf72c194cb3776beafb8b753) Importer(815301076,1909f56bfc062723c751e8b465ee728b)
Start importing Assets/BrokenVector/LowPolyDungeon/Prefabs/Clutter/Spear.prefab using Guid(fae58f9aaf72c194cb3776beafb8b753) Importer(815301076,1909f56bfc062723c751e8b465ee728b)  -> (artifact id: '5de9967aa10884bdd43bb0c1cc12ee57') in 0.009842 seconds 
========================================================================
Received Import Request.
  Time since last request: 0.000015 seconds.
  path: Assets/BrokenVector/LowPolyDungeon/Prefabs/Clutter/Key_Silver.prefab
  artifactKey: Guid(fbac80f280a03844bbdc56acff09ba24) Importer(815301076,1909f56bfc062723c751e8b465ee728b)
Start importing Assets/BrokenVector/LowPolyDungeon/Prefabs/Clutter/Key_Silver.prefab using Guid(fbac80f280a03844bbdc56acff09ba24) Importer(815301076,1909f56bfc062723c751e8b465ee728b)  -> (artifact id: '6d82f346e9bb5d8c5484b1ae824c487e') in 0.009692 seconds 
========================================================================
Received Import Request.
  Time since last request: 0.000016 seconds.
  path: Assets/BrokenVector/LowPolyDungeon/Prefabs/Clutter/Scroll_Small.prefab
  artifactKey: Guid(113a04b44464ee141bd913e9283f2f5e) Importer(815301076,1909f56bfc062723c751e8b465ee728b)
Start importing Assets/BrokenVector/LowPolyDungeon/Prefabs/Clutter/Scroll_Small.prefab using Guid(113a04b44464ee141bd913e9283f2f5e) Importer(815301076,1909f56bfc062723c751e8b465ee728b)  -> (artifact id: '38f95ce34deadf7a640cbe6c15e80863') in 0.009773 seconds 
========================================================================
Received Import Request.
  Time since last request: 0.000018 seconds.
  path: Assets/BrokenVector/LowPolyDungeon/Prefabs/Clutter/Carrot.prefab
  artifactKey: Guid(50122eae508ed204a84b2c81f0b4282b) Importer(815301076,1909f56bfc062723c751e8b465ee728b)
Start importing Assets/BrokenVector/LowPolyDungeon/Prefabs/Clutter/Carrot.prefab using Guid(50122eae508ed204a84b2c81f0b4282b) Importer(815301076,1909f56bfc062723c751e8b465ee728b)  -> (artifact id: 'e3c9060579b880f8d2fd12475ee5c277') in 0.010109 seconds 
========================================================================
Received Import Request.
  Time since last request: 0.000017 seconds.
  path: Assets/BrokenVector/LowPolyDungeon/Prefabs/Clutter/Cauldron_Empty.prefab
  artifactKey: Guid(9ebd52a346641ab469fe9220a7c27ff8) Importer(815301076,1909f56bfc062723c751e8b465ee728b)
Start importing Assets/BrokenVector/LowPolyDungeon/Prefabs/Clutter/Cauldron_Empty.prefab using Guid(9ebd52a346641ab469fe9220a7c27ff8) Importer(815301076,1909f56bfc062723c751e8b465ee728b)  -> (artifact id: 'e502a618e0ce7bf5db1691f1f5ebc2c7') in 0.010951 seconds 
========================================================================
Received Import Request.
  Time since last request: 0.000016 seconds.
  path: Assets/BrokenVector/LowPolyDungeon/Prefabs/Clutter/Wineglass.prefab
  artifactKey: Guid(d8e4874eaa27b1749b17632d68f5fd79) Importer(815301076,1909f56bfc062723c751e8b465ee728b)
Start importing Assets/BrokenVector/LowPolyDungeon/Prefabs/Clutter/Wineglass.prefab using Guid(d8e4874eaa27b1749b17632d68f5fd79) Importer(815301076,1909f56bfc062723c751e8b465ee728b)  -> (artifact id: 'b161e8ac537f6d8e1624e11b929a3fe9') in 0.010528 seconds 
========================================================================
Received Import Request.
  Time since last request: 0.000019 seconds.
  path: Assets/BrokenVector/LowPolyDungeon/Prefabs/Clutter/Switch.prefab
  artifactKey: Guid(3a1dc3e054a222f48a2dd916be2f8b01) Importer(815301076,1909f56bfc062723c751e8b465ee728b)
Start importing Assets/BrokenVector/LowPolyDungeon/Prefabs/Clutter/Switch.prefab using Guid(3a1dc3e054a222f48a2dd916be2f8b01) Importer(815301076,1909f56bfc062723c751e8b465ee728b)  -> (artifact id: '67fedede0c642cb20d2a34747be892ae') in 0.011170 seconds 
========================================================================
Received Import Request.
  Time since last request: 0.000016 seconds.
  path: Assets/BrokenVector/LowPolyDungeon/Prefabs/Clutter/Bread.prefab
  artifactKey: Guid(4b48cd2d69a24d841b47ccfba166e395) Importer(815301076,1909f56bfc062723c751e8b465ee728b)
Start importing Assets/BrokenVector/LowPolyDungeon/Prefabs/Clutter/Bread.prefab using Guid(4b48cd2d69a24d841b47ccfba166e395) Importer(815301076,1909f56bfc062723c751e8b465ee728b)  -> (artifact id: '5de1b9b83f734f68a91ed3f3402e3344') in 0.009874 seconds 
========================================================================
Received Import Request.
  Time since last request: 0.000017 seconds.
  path: Assets/BrokenVector/LowPolyDungeon/Prefabs/Clutter/Fork.prefab
  artifactKey: Guid(85ce586e84eb148469341f160fb9c1ec) Importer(815301076,1909f56bfc062723c751e8b465ee728b)
Start importing Assets/BrokenVector/LowPolyDungeon/Prefabs/Clutter/Fork.prefab using Guid(85ce586e84eb148469341f160fb9c1ec) Importer(815301076,1909f56bfc062723c751e8b465ee728b)  -> (artifact id: '62406290755ed33325c8e21f0920bade') in 0.011520 seconds 
========================================================================
Received Import Request.
  Time since last request: 0.000015 seconds.
  path: Assets/BrokenVector/LowPolyDungeon/Prefabs/Clutter/Skull.prefab
  artifactKey: Guid(a13b8883072533940b5bcfde3cbc03a0) Importer(815301076,1909f56bfc062723c751e8b465ee728b)
Start importing Assets/BrokenVector/LowPolyDungeon/Prefabs/Clutter/Skull.prefab using Guid(a13b8883072533940b5bcfde3cbc03a0) Importer(815301076,1909f56bfc062723c751e8b465ee728b)  -> (artifact id: 'fc3c2d2e75fdcfc4e075dcc53ac68c8a') in 0.010007 seconds 
========================================================================
Received Import Request.
  Time since last request: 0.000020 seconds.
  path: Assets/BrokenVector/LowPolyDungeon/Prefabs/Clutter/Book_Big_Brown.prefab
  artifactKey: Guid(2569a62b0421feb4fbb320665445719f) Importer(815301076,1909f56bfc062723c751e8b465ee728b)
Start importing Assets/BrokenVector/LowPolyDungeon/Prefabs/Clutter/Book_Big_Brown.prefab using Guid(2569a62b0421feb4fbb320665445719f) Importer(815301076,1909f56bfc062723c751e8b465ee728b)  -> (artifact id: '93b16bc856d1b17682e11cfe153f089b') in 0.010838 seconds 
========================================================================
Received Import Request.
  Time since last request: 0.000016 seconds.
  path: Assets/BrokenVector/LowPolyDungeon/Prefabs/Clutter/Plate.prefab
  artifactKey: Guid(3e776a5d11f6ff7479236101fa9f7d31) Importer(815301076,1909f56bfc062723c751e8b465ee728b)
Start importing Assets/BrokenVector/LowPolyDungeon/Prefabs/Clutter/Plate.prefab using Guid(3e776a5d11f6ff7479236101fa9f7d31) Importer(815301076,1909f56bfc062723c751e8b465ee728b)  -> (artifact id: '1b222ade46600c43fa74f0927cb74a50') in 0.010809 seconds 
========================================================================
Received Import Request.
  Time since last request: 0.000027 seconds.
  path: Assets/BrokenVector/LowPolyDungeon/Prefabs/Clutter/Beaker_Empty.prefab
  artifactKey: Guid(3f45d89cb0c87854fbda8401ab35e5ca) Importer(815301076,1909f56bfc062723c751e8b465ee728b)
Start importing Assets/BrokenVector/LowPolyDungeon/Prefabs/Clutter/Beaker_Empty.prefab using Guid(3f45d89cb0c87854fbda8401ab35e5ca) Importer(815301076,1909f56bfc062723c751e8b465ee728b)  -> (artifact id: '745973dead0a6a0a90def48b58660378') in 0.009752 seconds 
========================================================================
Received Import Request.
  Time since last request: 0.000015 seconds.
  path: Assets/BrokenVector/LowPolyDungeon/Prefabs/Clutter/Tree_Branch.prefab
  artifactKey: Guid(bbd85e700f0f23546bfd0547bf83ad02) Importer(815301076,1909f56bfc062723c751e8b465ee728b)
Start importing Assets/BrokenVector/LowPolyDungeon/Prefabs/Clutter/Tree_Branch.prefab using Guid(bbd85e700f0f23546bfd0547bf83ad02) Importer(815301076,1909f56bfc062723c751e8b465ee728b)  -> (artifact id: 'f05302c145d19464a8509a57f776cf5c') in 0.009842 seconds 
========================================================================
Received Import Request.
  Time since last request: 0.000016 seconds.
  path: Assets/BrokenVector/LowPolyDungeon/Prefabs/Clutter/Beaker_Full_Var2.prefab
  artifactKey: Guid(5d78c38b5abad5c4f8b593c72ff85f1e) Importer(815301076,1909f56bfc062723c751e8b465ee728b)
Start importing Assets/BrokenVector/LowPolyDungeon/Prefabs/Clutter/Beaker_Full_Var2.prefab using Guid(5d78c38b5abad5c4f8b593c72ff85f1e) Importer(815301076,1909f56bfc062723c751e8b465ee728b)  -> (artifact id: 'e625f5881f47ee4459aaf2fef4263bfb') in 0.010197 seconds 
========================================================================
Received Import Request.
  Time since last request: 0.000015 seconds.
  path: Assets/BrokenVector/LowPolyDungeon/Prefabs/Clutter/Quill.prefab
  artifactKey: Guid(01b18908cb794a34a8fc133e9f4ec355) Importer(815301076,1909f56bfc062723c751e8b465ee728b)
Start importing Assets/BrokenVector/LowPolyDungeon/Prefabs/Clutter/Quill.prefab using Guid(01b18908cb794a34a8fc133e9f4ec355) Importer(815301076,1909f56bfc062723c751e8b465ee728b)  -> (artifact id: 'aa3267b64f32e6ef81602823db237d3e') in 0.010183 seconds 
========================================================================
Received Import Request.
  Time since last request: 0.000016 seconds.
  path: Assets/BrokenVector/LowPolyDungeon/Prefabs/Clutter/Jug.prefab
  artifactKey: Guid(f3fb1271ede9bf8469d8b99637b77b42) Importer(815301076,1909f56bfc062723c751e8b465ee728b)
Start importing Assets/BrokenVector/LowPolyDungeon/Prefabs/Clutter/Jug.prefab using Guid(f3fb1271ede9bf8469d8b99637b77b42) Importer(815301076,1909f56bfc062723c751e8b465ee728b)  -> (artifact id: 'ce9981042a0ec023ead21f846305beb2') in 0.010399 seconds 
========================================================================
Received Import Request.
  Time since last request: 0.000014 seconds.
  path: Assets/BrokenVector/LowPolyDungeon/Prefabs/Clutter/Scroll_Open.prefab
  artifactKey: Guid(571f5dec7e36f1d44bd714b42ba5c2ee) Importer(815301076,1909f56bfc062723c751e8b465ee728b)
Start importing Assets/BrokenVector/LowPolyDungeon/Prefabs/Clutter/Scroll_Open.prefab using Guid(571f5dec7e36f1d44bd714b42ba5c2ee) Importer(815301076,1909f56bfc062723c751e8b465ee728b)  -> (artifact id: '3cd33cd90edc9e3b88e1ff8894c40bbd') in 0.011068 seconds 
========================================================================
Received Import Request.
  Time since last request: 0.000016 seconds.
  path: Assets/BrokenVector/LowPolyDungeon/Prefabs/Clutter/Beaker_Small.prefab
  artifactKey: Guid(f86dc25794fda774aa908152821e0248) Importer(815301076,1909f56bfc062723c751e8b465ee728b)
Start importing Assets/BrokenVector/LowPolyDungeon/Prefabs/Clutter/Beaker_Small.prefab using Guid(f86dc25794fda774aa908152821e0248) Importer(815301076,1909f56bfc062723c751e8b465ee728b)  -> (artifact id: 'e40ea115653a9998c31d0711233e3ebb') in 0.009980 seconds 
========================================================================
Received Import Request.
  Time since last request: 0.000015 seconds.
  path: Assets/BrokenVector/LowPolyDungeon/Prefabs/Clutter/Bread_Half.prefab
  artifactKey: Guid(7830ddcb15808fb49b5b2dd355812f1f) Importer(815301076,1909f56bfc062723c751e8b465ee728b)
Start importing Assets/BrokenVector/LowPolyDungeon/Prefabs/Clutter/Bread_Half.prefab using Guid(7830ddcb15808fb49b5b2dd355812f1f) Importer(815301076,1909f56bfc062723c751e8b465ee728b)  -> (artifact id: '1ebf933e43b58e6a953f7f59f7ea318c') in 0.009784 seconds 
========================================================================
Received Import Request.
  Time since last request: 0.000021 seconds.
  path: Assets/BrokenVector/LowPolyDungeon/Prefabs/Clutter/Bowl_Full.prefab
  artifactKey: Guid(9635f07bd7be9e44b89ea08e54684f8e) Importer(815301076,1909f56bfc062723c751e8b465ee728b)
Start importing Assets/BrokenVector/LowPolyDungeon/Prefabs/Clutter/Bowl_Full.prefab using Guid(9635f07bd7be9e44b89ea08e54684f8e) Importer(815301076,1909f56bfc062723c751e8b465ee728b)  -> (artifact id: 'ca30f5dc659b41f6fb300c6930c8f234') in 0.010791 seconds 
========================================================================
Received Import Request.
  Time since last request: 0.000017 seconds.
  path: Assets/BrokenVector/LowPolyDungeon/Prefabs/Clutter/Jar_Full.prefab
  artifactKey: Guid(8b6836c79d4a1cc40bb604b92317b2b0) Importer(815301076,1909f56bfc062723c751e8b465ee728b)
Start importing Assets/BrokenVector/LowPolyDungeon/Prefabs/Clutter/Jar_Full.prefab using Guid(8b6836c79d4a1cc40bb604b92317b2b0) Importer(815301076,1909f56bfc062723c751e8b465ee728b)  -> (artifact id: '5cbae5afd1efc6bdd3b5ff1ec1521e11') in 0.010868 seconds 
========================================================================
Received Import Request.
  Time since last request: 0.000020 seconds.
  path: Assets/BrokenVector/LowPolyDungeon/Prefabs/Clutter/Potion_Blue.prefab
  artifactKey: Guid(dfa07040f3b61f648bc8ad1291f6cbdb) Importer(815301076,1909f56bfc062723c751e8b465ee728b)
Start importing Assets/BrokenVector/LowPolyDungeon/Prefabs/Clutter/Potion_Blue.prefab using Guid(dfa07040f3b61f648bc8ad1291f6cbdb) Importer(815301076,1909f56bfc062723c751e8b465ee728b)  -> (artifact id: '6a550b7ba934dee4a735a30a2906a3f7') in 0.011732 seconds 
========================================================================
Received Import Request.
  Time since last request: 1.386152 seconds.
  path: Assets/BrokenVector/LowPolyDungeon/Prefabs/Lamps/Candlestick.prefab
  artifactKey: Guid(23e2a639ca3c8bb43ba7ae9988ecc0e4) Importer(815301076,1909f56bfc062723c751e8b465ee728b)
Start importing Assets/BrokenVector/LowPolyDungeon/Prefabs/Lamps/Candlestick.prefab using Guid(23e2a639ca3c8bb43ba7ae9988ecc0e4) Importer(815301076,1909f56bfc062723c751e8b465ee728b)  -> (artifact id: 'dc91154342c3737575f6014eb5e12ca5') in 0.012126 seconds 
========================================================================
Received Import Request.
  Time since last request: 0.000016 seconds.
  path: Assets/BrokenVector/LowPolyDungeon/Prefabs/Lamps/Torch_Wall.prefab
  artifactKey: Guid(4b437f1c2454a2c409b1b7f35e69d661) Importer(815301076,1909f56bfc062723c751e8b465ee728b)
Start importing Assets/BrokenVector/LowPolyDungeon/Prefabs/Lamps/Torch_Wall.prefab using Guid(4b437f1c2454a2c409b1b7f35e69d661) Importer(815301076,1909f56bfc062723c751e8b465ee728b)  -> (artifact id: '844c05879a2018585ddedd2ec063dc30') in 0.011940 seconds 
========================================================================
Received Import Request.
  Time since last request: 0.000017 seconds.
  path: Assets/BrokenVector/LowPolyDungeon/Prefabs/Lamps/Torch.prefab
  artifactKey: Guid(98ba86548ddcd664e9df1d008a5c8f97) Importer(815301076,1909f56bfc062723c751e8b465ee728b)
Start importing Assets/BrokenVector/LowPolyDungeon/Prefabs/Lamps/Torch.prefab using Guid(98ba86548ddcd664e9df1d008a5c8f97) Importer(815301076,1909f56bfc062723c751e8b465ee728b)  -> (artifact id: '7d5a0975a5f683d5ce38e5319411f31f') in 0.012673 seconds 
========================================================================
Received Import Request.
  Time since last request: 0.553623 seconds.
  path: Assets/BrokenVector/LowPolyDungeon/Prefabs/Tiles/Balcony.prefab
  artifactKey: Guid(a9c55b2fac05ba248a24bd117da7b964) Importer(815301076,1909f56bfc062723c751e8b465ee728b)
Start importing Assets/BrokenVector/LowPolyDungeon/Prefabs/Tiles/Balcony.prefab using Guid(a9c55b2fac05ba248a24bd117da7b964) Importer(815301076,1909f56bfc062723c751e8b465ee728b)  -> (artifact id: 'e595a1b5ec87866662ab505c5427bfdb') in 0.012795 seconds 
========================================================================
Received Import Request.
  Time since last request: 0.000019 seconds.
  path: Assets/BrokenVector/LowPolyDungeon/Prefabs/Tiles/Dungeon_Hall_Wall.prefab
  artifactKey: Guid(c7af5921109b94141afd37e9fdd75443) Importer(815301076,1909f56bfc062723c751e8b465ee728b)
Start importing Assets/BrokenVector/LowPolyDungeon/Prefabs/Tiles/Dungeon_Hall_Wall.prefab using Guid(c7af5921109b94141afd37e9fdd75443) Importer(815301076,1909f56bfc062723c751e8b465ee728b)  -> (artifact id: '4b610b0af7a46d89a4543ab0288f98b4') in 0.013087 seconds 
========================================================================
Received Import Request.
  Time since last request: 0.000022 seconds.
  path: Assets/BrokenVector/LowPolyDungeon/Prefabs/Tiles/Holefix_Double.prefab
  artifactKey: Guid(5e0793aa91d1c1248a76c8bb8a68d3ca) Importer(815301076,1909f56bfc062723c751e8b465ee728b)
Start importing Assets/BrokenVector/LowPolyDungeon/Prefabs/Tiles/Holefix_Double.prefab using Guid(5e0793aa91d1c1248a76c8bb8a68d3ca) Importer(815301076,1909f56bfc062723c751e8b465ee728b)  -> (artifact id: '44a0d9953c888170655a1fb2f9f973e1') in 0.011707 seconds 
========================================================================
Received Import Request.
  Time since last request: 0.000018 seconds.
  path: Assets/BrokenVector/LowPolyDungeon/Prefabs/Tiles/Dungeon_Custom_Corner_Flat.prefab
  artifactKey: Guid(5ae2b4c7b8cea2f45a6dcfa4fa52fe95) Importer(815301076,1909f56bfc062723c751e8b465ee728b)
Start importing Assets/BrokenVector/LowPolyDungeon/Prefabs/Tiles/Dungeon_Custom_Corner_Flat.prefab using Guid(5ae2b4c7b8cea2f45a6dcfa4fa52fe95) Importer(815301076,1909f56bfc062723c751e8b465ee728b)  -> (artifact id: '55b3aee1e53ec3f17d40750427f5a98c') in 0.011119 seconds 
========================================================================
Received Import Request.
  Time since last request: 0.000021 seconds.
  path: Assets/BrokenVector/LowPolyDungeon/Prefabs/Tiles/Pillar.prefab
  artifactKey: Guid(27f210ed52b6c0f409f410ac194d0a7c) Importer(815301076,1909f56bfc062723c751e8b465ee728b)
Start importing Assets/BrokenVector/LowPolyDungeon/Prefabs/Tiles/Pillar.prefab using Guid(27f210ed52b6c0f409f410ac194d0a7c) Importer(815301076,1909f56bfc062723c751e8b465ee728b)  -> (artifact id: 'fa3c0a472e21cadcc0beca84e6c02172') in 0.012659 seconds 
========================================================================
Received Import Request.
  Time since last request: 0.000023 seconds.
  path: Assets/BrokenVector/LowPolyDungeon/Prefabs/Tiles/Door_Basement_Left.prefab
  artifactKey: Guid(8b456a21699676a4b94bd6288356bf89) Importer(815301076,1909f56bfc062723c751e8b465ee728b)
Start importing Assets/BrokenVector/LowPolyDungeon/Prefabs/Tiles/Door_Basement_Left.prefab using Guid(8b456a21699676a4b94bd6288356bf89) Importer(815301076,1909f56bfc062723c751e8b465ee728b)  -> (artifact id: '2f18044325a0da9da1a60c2d15d9d421') in 0.012846 seconds 
========================================================================
Received Import Request.
  Time since last request: 0.000018 seconds.
  path: Assets/BrokenVector/LowPolyDungeon/Prefabs/Tiles/Hallway_Quarter.prefab
  artifactKey: Guid(a85a6c2c6af086848b326146d8a3b6c2) Importer(815301076,1909f56bfc062723c751e8b465ee728b)
Start importing Assets/BrokenVector/LowPolyDungeon/Prefabs/Tiles/Hallway_Quarter.prefab using Guid(a85a6c2c6af086848b326146d8a3b6c2) Importer(815301076,1909f56bfc062723c751e8b465ee728b)  -> (artifact id: '04a136650c687cb3a8340a4d59c42d04') in 0.013111 seconds 
========================================================================
Received Import Request.
  Time since last request: 0.000020 seconds.
  path: Assets/BrokenVector/LowPolyDungeon/Prefabs/Tiles/Dungeon_Hall_Wall_Stairs_Left.prefab
  artifactKey: Guid(4896ba4e24abe11438ab4b34a382af54) Importer(815301076,1909f56bfc062723c751e8b465ee728b)
Start importing Assets/BrokenVector/LowPolyDungeon/Prefabs/Tiles/Dungeon_Hall_Wall_Stairs_Left.prefab using Guid(4896ba4e24abe11438ab4b34a382af54) Importer(815301076,1909f56bfc062723c751e8b465ee728b)  -> (artifact id: '3235663a836f726324b482de03136600') in 0.014787 seconds 
========================================================================
Received Import Request.
  Time since last request: 0.000027 seconds.
  path: Assets/BrokenVector/LowPolyDungeon/Prefabs/Tiles/Basement_Wall_Var2.prefab
  artifactKey: Guid(d157978297aa03d40bfe76f9decb9828) Importer(815301076,1909f56bfc062723c751e8b465ee728b)
Start importing Assets/BrokenVector/LowPolyDungeon/Prefabs/Tiles/Basement_Wall_Var2.prefab using Guid(d157978297aa03d40bfe76f9decb9828) Importer(815301076,1909f56bfc062723c751e8b465ee728b)  -> (artifact id: 'd00fd9a5aa271f801b524134cc64c828') in 0.012620 seconds 
========================================================================
Received Import Request.
  Time since last request: 0.000020 seconds.
  path: Assets/BrokenVector/LowPolyDungeon/Prefabs/Tiles/Door_Iron_Left.prefab
  artifactKey: Guid(03020aab9adeeb54f9194380cf49b4a7) Importer(815301076,1909f56bfc062723c751e8b465ee728b)
Start importing Assets/BrokenVector/LowPolyDungeon/Prefabs/Tiles/Door_Iron_Left.prefab using Guid(03020aab9adeeb54f9194380cf49b4a7) Importer(815301076,1909f56bfc062723c751e8b465ee728b)  -> (artifact id: '8648003763bdd8ea8f27025e7ec52646') in 0.011628 seconds 
========================================================================
Received Import Request.
  Time since last request: 0.000018 seconds.
  path: Assets/BrokenVector/LowPolyDungeon/Prefabs/Tiles/Hallway_Half.prefab
  artifactKey: Guid(a62753c87b044214ebd45797277f54ad) Importer(815301076,1909f56bfc062723c751e8b465ee728b)
Start importing Assets/BrokenVector/LowPolyDungeon/Prefabs/Tiles/Hallway_Half.prefab using Guid(a62753c87b044214ebd45797277f54ad) Importer(815301076,1909f56bfc062723c751e8b465ee728b)  -> (artifact id: '3ab701a190c03c6af3532ef52b60186e') in 0.010944 seconds 
========================================================================
Received Import Request.
  Time since last request: 0.000022 seconds.
  path: Assets/BrokenVector/LowPolyDungeon/Prefabs/Tiles/Holefix_Single.prefab
  artifactKey: Guid(192d681e9fa59ee41a375fd1339fa347) Importer(815301076,1909f56bfc062723c751e8b465ee728b)
Start importing Assets/BrokenVector/LowPolyDungeon/Prefabs/Tiles/Holefix_Single.prefab using Guid(192d681e9fa59ee41a375fd1339fa347) Importer(815301076,1909f56bfc062723c751e8b465ee728b)  -> (artifact id: 'f4b9cc2cd78287af632bd44e3682bc9f') in 0.012503 seconds 
========================================================================
Received Import Request.
  Time since last request: 0.000015 seconds.
  path: Assets/BrokenVector/LowPolyDungeon/Prefabs/Tiles/Dungeon_Hall_Corner_Inverted.prefab
  artifactKey: Guid(a08fc365a6eb3a4479ec69b573a6c7ad) Importer(815301076,1909f56bfc062723c751e8b465ee728b)
Start importing Assets/BrokenVector/LowPolyDungeon/Prefabs/Tiles/Dungeon_Hall_Corner_Inverted.prefab using Guid(a08fc365a6eb3a4479ec69b573a6c7ad) Importer(815301076,1909f56bfc062723c751e8b465ee728b)  -> (artifact id: 'dacb606ae77b6ab5fcce2b52a83eb336') in 0.010770 seconds 
========================================================================
Received Import Request.
  Time since last request: 0.000020 seconds.
  path: Assets/BrokenVector/LowPolyDungeon/Prefabs/Tiles/Basement_Var4.prefab
  artifactKey: Guid(303434915ff72994f860f6202a4ef5f5) Importer(815301076,1909f56bfc062723c751e8b465ee728b)
Start importing Assets/BrokenVector/LowPolyDungeon/Prefabs/Tiles/Basement_Var4.prefab using Guid(303434915ff72994f860f6202a4ef5f5) Importer(815301076,1909f56bfc062723c751e8b465ee728b)  -> (artifact id: '01216cf59fa9960d1645fc2a85c853c5') in 0.015587 seconds 
========================================================================
Received Import Request.
  Time since last request: 0.000020 seconds.
  path: Assets/BrokenVector/LowPolyDungeon/Prefabs/Tiles/Hallway_TCrossing.prefab
  artifactKey: Guid(345c8a49d7186274cbb629bef82b473c) Importer(815301076,1909f56bfc062723c751e8b465ee728b)
Start importing Assets/BrokenVector/LowPolyDungeon/Prefabs/Tiles/Hallway_TCrossing.prefab using Guid(345c8a49d7186274cbb629bef82b473c) Importer(815301076,1909f56bfc062723c751e8b465ee728b)  -> (artifact id: 'e04f3503dbe2f8b6c84f1fab8f75877e') in 0.010764 seconds 
========================================================================
Received Import Request.
  Time since last request: 0.000014 seconds.
  path: Assets/BrokenVector/LowPolyDungeon/Prefabs/Tiles/Dungeon_Custom_Center.prefab
  artifactKey: Guid(5c582aa33048aaa428a9e969723d47dc) Importer(815301076,1909f56bfc062723c751e8b465ee728b)
Start importing Assets/BrokenVector/LowPolyDungeon/Prefabs/Tiles/Dungeon_Custom_Center.prefab using Guid(5c582aa33048aaa428a9e969723d47dc) Importer(815301076,1909f56bfc062723c751e8b465ee728b)  -> (artifact id: '51e9c8f9b217d948528c85b52d1b7ccb') in 0.011959 seconds 
========================================================================
Received Import Request.
  Time since last request: 0.000018 seconds.
  path: Assets/BrokenVector/LowPolyDungeon/Prefabs/Tiles/Staircase.prefab
  artifactKey: Guid(fe920f08a7bd91440b54ef922f9bf5b5) Importer(815301076,1909f56bfc062723c751e8b465ee728b)
Start importing Assets/BrokenVector/LowPolyDungeon/Prefabs/Tiles/Staircase.prefab using Guid(fe920f08a7bd91440b54ef922f9bf5b5) Importer(815301076,1909f56bfc062723c751e8b465ee728b)  -> (artifact id: 'f4af092b7b54cc0a3c7a452d07bb0b89') in 0.017586 seconds 
========================================================================
Received Import Request.
  Time since last request: 0.000016 seconds.
  path: Assets/BrokenVector/LowPolyDungeon/Prefabs/Tiles/Jail_Wall.prefab
  artifactKey: Guid(cc9f980ee3a12ab49af49ee894ebd89a) Importer(815301076,1909f56bfc062723c751e8b465ee728b)
Start importing Assets/BrokenVector/LowPolyDungeon/Prefabs/Tiles/Jail_Wall.prefab using Guid(cc9f980ee3a12ab49af49ee894ebd89a) Importer(815301076,1909f56bfc062723c751e8b465ee728b)  -> (artifact id: 'bdd0c13dbf411993efdbb946b929e67d') in 0.011032 seconds 
========================================================================
Received Import Request.
  Time since last request: 0.000016 seconds.
  path: Assets/BrokenVector/LowPolyDungeon/Prefabs/Tiles/Dungeon_Hall_Center.prefab
  artifactKey: Guid(ad723011623795149ab723c33c434c37) Importer(815301076,1909f56bfc062723c751e8b465ee728b)
Start importing Assets/BrokenVector/LowPolyDungeon/Prefabs/Tiles/Dungeon_Hall_Center.prefab using Guid(ad723011623795149ab723c33c434c37) Importer(815301076,1909f56bfc062723c751e8b465ee728b)  -> (artifact id: '1cefee32a889962120549bdad9a793be') in 0.012552 seconds 
========================================================================
Received Import Request.
  Time since last request: 0.000015 seconds.
  path: Assets/BrokenVector/LowPolyDungeon/Prefabs/Tiles/Dungeon_Big_Passage.prefab
  artifactKey: Guid(b78909d98814b3d42aa488a008c30001) Importer(815301076,1909f56bfc062723c751e8b465ee728b)
Start importing Assets/BrokenVector/LowPolyDungeon/Prefabs/Tiles/Dungeon_Big_Passage.prefab using Guid(b78909d98814b3d42aa488a008c30001) Importer(815301076,1909f56bfc062723c751e8b465ee728b)  -> (artifact id: '655b3bcf38f5be3d320022b7b826a42b') in 0.012156 seconds 
========================================================================
Received Import Request.
  Time since last request: 0.000025 seconds.
  path: Assets/BrokenVector/LowPolyDungeon/Prefabs/Tiles/Hallway_toStaircase_Bottom.prefab
  artifactKey: Guid(d8442ff07dd71bb48be63de4bffeeb34) Importer(815301076,1909f56bfc062723c751e8b465ee728b)
Start importing Assets/BrokenVector/LowPolyDungeon/Prefabs/Tiles/Hallway_toStaircase_Bottom.prefab using Guid(d8442ff07dd71bb48be63de4bffeeb34) Importer(815301076,1909f56bfc062723c751e8b465ee728b)  -> (artifact id: 'e4ec7d4f6046f27cb22dd2542670871f') in 0.013170 seconds 
========================================================================
Received Import Request.
  Time since last request: 0.000026 seconds.
  path: Assets/BrokenVector/LowPolyDungeon/Prefabs/Tiles/Dungeon_Wall_Window.prefab
  artifactKey: Guid(1c7f74f16e3c3bb49a9bed63da51a052) Importer(815301076,1909f56bfc062723c751e8b465ee728b)
Start importing Assets/BrokenVector/LowPolyDungeon/Prefabs/Tiles/Dungeon_Wall_Window.prefab using Guid(1c7f74f16e3c3bb49a9bed63da51a052) Importer(815301076,1909f56bfc062723c751e8b465ee728b)  -> (artifact id: '1c47a73e5f89e7112c39d9be6e8a4f07') in 0.013410 seconds 
========================================================================
Received Import Request.
  Time since last request: 0.000030 seconds.
  path: Assets/BrokenVector/LowPolyDungeon/Prefabs/Tiles/Dungeon_Big_Wall.prefab
  artifactKey: Guid(3ef94e73d5607784fbcbba8de4155b1e) Importer(815301076,1909f56bfc062723c751e8b465ee728b)
Start importing Assets/BrokenVector/LowPolyDungeon/Prefabs/Tiles/Dungeon_Big_Wall.prefab using Guid(3ef94e73d5607784fbcbba8de4155b1e) Importer(815301076,1909f56bfc062723c751e8b465ee728b)  -> (artifact id: 'e31073f8cebbab3b5225a9d4fc6decf2') in 0.013082 seconds 
========================================================================
Received Import Request.
  Time since last request: 0.000017 seconds.
  path: Assets/BrokenVector/LowPolyDungeon/Prefabs/Tiles/Dungeon_Hall_Wall_Stairs_Right.prefab
  artifactKey: Guid(ed465ab6eaa568d4fa325d2c4ebf6436) Importer(815301076,1909f56bfc062723c751e8b465ee728b)
Start importing Assets/BrokenVector/LowPolyDungeon/Prefabs/Tiles/Dungeon_Hall_Wall_Stairs_Right.prefab using Guid(ed465ab6eaa568d4fa325d2c4ebf6436) Importer(815301076,1909f56bfc062723c751e8b465ee728b)  -> (artifact id: 'da4b9de0fd9df622e37b36317c0eab13') in 0.012255 seconds 
========================================================================
Received Import Request.
  Time since last request: 0.000022 seconds.
  path: Assets/BrokenVector/LowPolyDungeon/Prefabs/Tiles/Dungeon_Custom_Border_Flat.prefab
  artifactKey: Guid(672e720ef69a65b44a71577cd7cc26ed) Importer(815301076,1909f56bfc062723c751e8b465ee728b)
Start importing Assets/BrokenVector/LowPolyDungeon/Prefabs/Tiles/Dungeon_Custom_Border_Flat.prefab using Guid(672e720ef69a65b44a71577cd7cc26ed) Importer(815301076,1909f56bfc062723c751e8b465ee728b)  -> (artifact id: '20b4347759645cb6a9118e75e2f5faf7') in 0.011742 seconds 
========================================================================
Received Import Request.
  Time since last request: 0.000017 seconds.
  path: Assets/BrokenVector/LowPolyDungeon/Prefabs/Tiles/Hallway_Curve_Long.prefab
  artifactKey: Guid(7d0884ce5d5b49d499cfa0d0d9049a24) Importer(815301076,1909f56bfc062723c751e8b465ee728b)
Start importing Assets/BrokenVector/LowPolyDungeon/Prefabs/Tiles/Hallway_Curve_Long.prefab using Guid(7d0884ce5d5b49d499cfa0d0d9049a24) Importer(815301076,1909f56bfc062723c751e8b465ee728b)  -> (artifact id: '1160f515d99d1a5ec6a0a7e192e0c015') in 0.011259 seconds 
