Using pre-set license
Built from '2021.3/staging' branch; Version is '2021.3.21f1 (1b156197d683) revision 1774945'; Using compiler version '192829333'; Build Type 'Release'
OS: 'Windows 11  (10.0.22621) 64bit CoreSingleLanguage' Language: 'ru' Physical Memory: 48990 MB
BatchMode: 1, IsHumanControllingUs: 0, StartBugReporterOnCrash: 0, Is64bit: 1, IsPro: 1

COMMAND LINE ARGUMENTS:
C:\Program Files\Unity\Hub\Editor\2021.3.21f1\Editor\Unity.exe
-adb2
-batchMode
-noUpm
-name
AssetImportWorker5
-projectPath
C:/Users/pered/My project
-logFile
Logs/AssetImportWorker5.log
-srvPort
53503
Successfully changed project path to: C:/Users/pered/My project
C:/Users/pered/My project
[UnityMemory] Configuration Parameters - Can be set up in boot.config
    "memorysetup-bucket-allocator-granularity=16"
    "memorysetup-bucket-allocator-bucket-count=8"
    "memorysetup-bucket-allocator-block-size=33554432"
    "memorysetup-bucket-allocator-block-count=8"
    "memorysetup-main-allocator-block-size=16777216"
    "memorysetup-thread-allocator-block-size=16777216"
    "memorysetup-gfx-main-allocator-block-size=16777216"
    "memorysetup-gfx-thread-allocator-block-size=16777216"
    "memorysetup-cache-allocator-block-size=4194304"
    "memorysetup-typetree-allocator-block-size=2097152"
    "memorysetup-profiler-bucket-allocator-granularity=16"
    "memorysetup-profiler-bucket-allocator-bucket-count=8"
    "memorysetup-profiler-bucket-allocator-block-size=33554432"
    "memorysetup-profiler-bucket-allocator-block-count=8"
    "memorysetup-profiler-allocator-block-size=16777216"
    "memorysetup-profiler-editor-allocator-block-size=1048576"
    "memorysetup-temp-allocator-size-main=16777216"
    "memorysetup-job-temp-allocator-block-size=2097152"
    "memorysetup-job-temp-allocator-block-size-background=1048576"
    "memorysetup-job-temp-allocator-reduction-small-platforms=262144"
    "memorysetup-temp-allocator-size-background-worker=32768"
    "memorysetup-temp-allocator-size-job-worker=262144"
    "memorysetup-temp-allocator-size-preload-manager=33554432"
    "memorysetup-temp-allocator-size-nav-mesh-worker=65536"
    "memorysetup-temp-allocator-size-audio-worker=65536"
    "memorysetup-temp-allocator-size-cloud-worker=32768"
    "memorysetup-temp-allocator-size-gi-baking-worker=262144"
    "memorysetup-temp-allocator-size-gfx=262144"
Player connection [18756] Host "[IP] 192.168.0.105 [Port] 0 [Flags] 2 [Guid] 354517705 [EditorId] 354517705 [Version] 1048832 [Id] WindowsEditor(7,Lidsiy) [Debug] 1 [PackageName] WindowsEditor [ProjectName] Editor" joined multi-casting on [225.0.0.222:54997]...

Player connection [18756] Host "[IP] 192.168.0.105 [Port] 0 [Flags] 2 [Guid] 354517705 [EditorId] 354517705 [Version] 1048832 [Id] WindowsEditor(7,Lidsiy) [Debug] 1 [PackageName] WindowsEditor [ProjectName] Editor" joined alternative multi-casting on [225.0.0.222:34997]...

Refreshing native plugins compatible for Editor in 68.03 ms, found 3 plugins.
Preloading 0 native plugins for Editor in 0.00 ms.
Initialize engine version: 2021.3.21f1 (1b156197d683)
[Subsystems] Discovering subsystems at path C:/Program Files/Unity/Hub/Editor/2021.3.21f1/Editor/Data/Resources/UnitySubsystems
[Subsystems] Discovering subsystems at path C:/Users/pered/My project/Assets
GfxDevice: creating device client; threaded=0; jobified=0
Direct3D:
    Version:  Direct3D 11.0 [level 11.1]
    Renderer: NVIDIA GeForce RTX 3060 (ID=0x2504)
    Vendor:   NVIDIA
    VRAM:     12129 MB
    Driver:   31.0.15.3623
Initialize mono
Mono path[0] = 'C:/Program Files/Unity/Hub/Editor/2021.3.21f1/Editor/Data/Managed'
Mono path[1] = 'C:/Program Files/Unity/Hub/Editor/2021.3.21f1/Editor/Data/MonoBleedingEdge/lib/mono/unityjit-win32'
Mono config path = 'C:/Program Files/Unity/Hub/Editor/2021.3.21f1/Editor/Data/MonoBleedingEdge/etc'
Using monoOptions --debugger-agent=transport=dt_socket,embedding=1,server=y,suspend=n,address=127.0.0.1:56752
Begin MonoManager ReloadAssembly
Registering precompiled unity dll's ...
Register platform support module: C:/Program Files/Unity/Hub/Editor/2021.3.21f1/Editor/Data/PlaybackEngines/AndroidPlayer/UnityEditor.Android.Extensions.dll
Register platform support module: C:/Program Files/Unity/Hub/Editor/2021.3.21f1/Editor/Data/PlaybackEngines/WindowsStandaloneSupport/UnityEditor.WindowsStandalone.Extensions.dll
Registered in 0.002907 seconds.
Native extension for WindowsStandalone target not found
Native extension for Android target not found
Android Extension - Scanning For ADB Devices 170 ms
Refreshing native plugins compatible for Editor in 63.42 ms, found 3 plugins.
Preloading 0 native plugins for Editor in 0.00 ms.
Mono: successfully reloaded assembly
- Completed reload, in  0.646 seconds
Domain Reload Profiling:
	ReloadAssembly (647ms)
		BeginReloadAssembly (55ms)
			ExecutionOrderSort (0ms)
			DisableScriptedObjects (0ms)
			BackupInstance (0ms)
			ReleaseScriptingObjects (0ms)
			CreateAndSetChildDomain (1ms)
		EndReloadAssembly (528ms)
			LoadAssemblies (54ms)
			RebuildTransferFunctionScriptingTraits (0ms)
			SetupTypeCache (73ms)
			ReleaseScriptCaches (0ms)
			RebuildScriptCaches (19ms)
			SetupLoadedEditorAssemblies (401ms)
				LogAssemblyErrors (0ms)
				InitializePlatformSupportModulesInManaged (214ms)
				SetLoadedEditorAssemblies (0ms)
				RefreshPlugins (63ms)
				BeforeProcessingInitializeOnLoad (1ms)
				ProcessInitializeOnLoadAttributes (85ms)
				ProcessInitializeOnLoadMethodAttributes (37ms)
				AfterProcessingInitializeOnLoad (0ms)
				EditorAssembliesLoaded (0ms)
			ExecutionOrderSort2 (0ms)
			AwakeInstancesAfterBackupRestoration (0ms)
Platform modules already initialized, skipping
Registering precompiled user dll's ...
Registered in 0.003438 seconds.
Begin MonoManager ReloadAssembly
Symbol file LoadedFromMemory doesn't match image C:\Users\pered\My project\Library\PackageCache\com.unity.visualscripting@1.8.0\Editor\VisualScripting.Core\Dependencies\YamlDotNet\Unity.VisualScripting.YamlDotNet.dll
Symbol file LoadedFromMemory doesn't match image C:\Users\pered\My project\Library\PackageCache\com.unity.visualscripting@1.8.0\Editor\VisualScripting.Core\Dependencies\DotNetZip\Unity.VisualScripting.IonicZip.dll
Native extension for WindowsStandalone target not found
Native extension for Android target not found
Refreshing native plugins compatible for Editor in 0.33 ms, found 3 plugins.
Preloading 0 native plugins for Editor in 0.00 ms.
Mono: successfully reloaded assembly
- Completed reload, in  0.705 seconds
Domain Reload Profiling:
	ReloadAssembly (705ms)
		BeginReloadAssembly (80ms)
			ExecutionOrderSort (0ms)
			DisableScriptedObjects (4ms)
			BackupInstance (0ms)
			ReleaseScriptingObjects (0ms)
			CreateAndSetChildDomain (14ms)
		EndReloadAssembly (553ms)
			LoadAssemblies (67ms)
			RebuildTransferFunctionScriptingTraits (0ms)
			SetupTypeCache (181ms)
			ReleaseScriptCaches (0ms)
			RebuildScriptCaches (36ms)
			SetupLoadedEditorAssemblies (247ms)
				LogAssemblyErrors (0ms)
				InitializePlatformSupportModulesInManaged (11ms)
				SetLoadedEditorAssemblies (0ms)
				RefreshPlugins (0ms)
				BeforeProcessingInitializeOnLoad (56ms)
				ProcessInitializeOnLoadAttributes (162ms)
				ProcessInitializeOnLoadMethodAttributes (14ms)
				AfterProcessingInitializeOnLoad (4ms)
				EditorAssembliesLoaded (0ms)
			ExecutionOrderSort2 (0ms)
			AwakeInstancesAfterBackupRestoration (4ms)
Platform modules already initialized, skipping
========================================================================
Worker process is ready to serve import requests
Launched and connected shader compiler UnityShaderCompiler.exe after 0.03 seconds
Refreshing native plugins compatible for Editor in 0.48 ms, found 3 plugins.
Preloading 0 native plugins for Editor in 0.00 ms.
Unloading 3050 Unused Serialized files (Serialized files now loaded: 0)
Unloading 24 unused Assets / (113.4 KB). Loaded Objects now: 3513.
Memory consumption went from 107.8 MB to 107.7 MB.
Total: 2.275800 ms (FindLiveObjects: 0.146600 ms CreateObjectMapping: 0.056100 ms MarkObjects: 2.000700 ms  DeleteObjects: 0.071500 ms)

AssetImportParameters requested are different than current active one (requested -> active):
  custom:video-decoder-ogg-theora: a1e56fd34408186e4bbccfd4996cb3dc -> 
  custom:container-muxer-webm: aa71ff27fc2769a1b78a27578f13a17b -> 
  custom:container-demuxer-webm: 4f35f7cbe854078d1ac9338744f61a02 -> 
  custom:video-encoder-webm-vp8: eb34c28f22e8b96e1ab97ce403110664 -> 
  custom:video-codec-MediaFoundation-h265: 746d11721c4dcdbdad8f713fa42b33f4 -> 
  custom:audio-encoder-webm-vorbis: bf7c407c2cedff20999df2af8eb42d56 -> 
  custom:framework-win-MediaFoundation: 216162199b28c13a410421893ffa2e32 -> 
  custom:container-demuxer-ogg: 62fdf1f143b41e24485cea50d1cbac27 -> 
  custom:video-decoder-webm-vp8: 9c59270c3fd7afecdb556c50c9e8de78 -> 
  custom:audio-decoder-ogg-vorbis: bf7c407c2cedff20999df2af8eb42d56 -> 
========================================================================
Received Import Request.
  Time since last request: 20634.137888 seconds.
  path: Assets/BrokenVector/LowPolyDungeon/Prefabs/Lamps/Candlestick_Triple.prefab
  artifactKey: Guid(34534f9a2d6df1c4f8dee201f8d50aaa) Importer(815301076,1909f56bfc062723c751e8b465ee728b)
Start importing Assets/BrokenVector/LowPolyDungeon/Prefabs/Lamps/Candlestick_Triple.prefab using Guid(34534f9a2d6df1c4f8dee201f8d50aaa) Importer(815301076,1909f56bfc062723c751e8b465ee728b)  -> (artifact id: '6c50691d520a8027b7496626e39e1086') in 0.099509 seconds 
========================================================================
Received Import Request.
  Time since last request: 0.499672 seconds.
  path: Assets/BrokenVector/LowPolyDungeon/Prefabs/Tiles/Balcony_Railing.prefab
  artifactKey: Guid(112473a489e4f4e47b0127b8a56f8582) Importer(815301076,1909f56bfc062723c751e8b465ee728b)
Start importing Assets/BrokenVector/LowPolyDungeon/Prefabs/Tiles/Balcony_Railing.prefab using Guid(112473a489e4f4e47b0127b8a56f8582) Importer(815301076,1909f56bfc062723c751e8b465ee728b)  -> (artifact id: '0b69b272db22423c7a73faa16967a9ef') in 0.014679 seconds 
========================================================================
Received Import Request.
  Time since last request: 0.000017 seconds.
  path: Assets/BrokenVector/LowPolyDungeon/Prefabs/Tiles/Dungeon_Passage.prefab
  artifactKey: Guid(b89b3b3efb3070240952a3335d270247) Importer(815301076,1909f56bfc062723c751e8b465ee728b)
Start importing Assets/BrokenVector/LowPolyDungeon/Prefabs/Tiles/Dungeon_Passage.prefab using Guid(b89b3b3efb3070240952a3335d270247) Importer(815301076,1909f56bfc062723c751e8b465ee728b)  -> (artifact id: 'ed566186d475d46f4168bc78a033a7b6') in 0.012492 seconds 
========================================================================
Received Import Request.
  Time since last request: 0.000016 seconds.
  path: Assets/BrokenVector/LowPolyDungeon/Prefabs/Tiles/Dungeon_Big_to_Custom.prefab
  artifactKey: Guid(a8df3746f46c949429b741b6b3defcb3) Importer(815301076,1909f56bfc062723c751e8b465ee728b)
Start importing Assets/BrokenVector/LowPolyDungeon/Prefabs/Tiles/Dungeon_Big_to_Custom.prefab using Guid(a8df3746f46c949429b741b6b3defcb3) Importer(815301076,1909f56bfc062723c751e8b465ee728b)  -> (artifact id: '0b4dca7fa5eb50ce645c5fd05273c3c5') in 0.012078 seconds 
========================================================================
Received Import Request.
  Time since last request: 0.000015 seconds.
  path: Assets/BrokenVector/LowPolyDungeon/Prefabs/Tiles/Stairs_Platform.prefab
  artifactKey: Guid(9d3c6113164fd3b488040a35893b058c) Importer(815301076,1909f56bfc062723c751e8b465ee728b)
Start importing Assets/BrokenVector/LowPolyDungeon/Prefabs/Tiles/Stairs_Platform.prefab using Guid(9d3c6113164fd3b488040a35893b058c) Importer(815301076,1909f56bfc062723c751e8b465ee728b)  -> (artifact id: '5a17441f6bd3033195744fb7e5bb3337') in 0.010771 seconds 
========================================================================
Received Import Request.
  Time since last request: 0.000018 seconds.
  path: Assets/BrokenVector/LowPolyDungeon/Prefabs/Tiles/Basement_Var1.prefab
  artifactKey: Guid(7b9bd4ff48795cf42b9f4a6c3b8a49c1) Importer(815301076,1909f56bfc062723c751e8b465ee728b)
Start importing Assets/BrokenVector/LowPolyDungeon/Prefabs/Tiles/Basement_Var1.prefab using Guid(7b9bd4ff48795cf42b9f4a6c3b8a49c1) Importer(815301076,1909f56bfc062723c751e8b465ee728b)  -> (artifact id: 'e882b7025765e9daff740b3863e9c149') in 0.012014 seconds 
========================================================================
Received Import Request.
  Time since last request: 0.000031 seconds.
  path: Assets/BrokenVector/LowPolyDungeon/Prefabs/Tiles/Dungeon_Wall_Var3.prefab
  artifactKey: Guid(8cda7687928e5174ea2627e48a3c6d69) Importer(815301076,1909f56bfc062723c751e8b465ee728b)
Start importing Assets/BrokenVector/LowPolyDungeon/Prefabs/Tiles/Dungeon_Wall_Var3.prefab using Guid(8cda7687928e5174ea2627e48a3c6d69) Importer(815301076,1909f56bfc062723c751e8b465ee728b)  -> (artifact id: 'a56dd99a5b309053e983f2f180ae362c') in 0.011882 seconds 
========================================================================
Received Import Request.
  Time since last request: 0.000018 seconds.
  path: Assets/BrokenVector/LowPolyDungeon/Prefabs/Tiles/Dungeon_Custom_Corner_Inverted.prefab
  artifactKey: Guid(867c307861a2f9244bc4a3434c515f1c) Importer(815301076,1909f56bfc062723c751e8b465ee728b)
Start importing Assets/BrokenVector/LowPolyDungeon/Prefabs/Tiles/Dungeon_Custom_Corner_Inverted.prefab using Guid(867c307861a2f9244bc4a3434c515f1c) Importer(815301076,1909f56bfc062723c751e8b465ee728b)  -> (artifact id: '664bf2de11d75e90cefe5b94f940ab8a') in 0.012490 seconds 
========================================================================
Received Import Request.
  Time since last request: 0.000019 seconds.
  path: Assets/BrokenVector/LowPolyDungeon/Prefabs/Tiles/Dungeon_Straight_14°.prefab
  artifactKey: Guid(6ed2c478f82171c4083dfd49cea2ac11) Importer(815301076,1909f56bfc062723c751e8b465ee728b)
Start importing Assets/BrokenVector/LowPolyDungeon/Prefabs/Tiles/Dungeon_Straight_14°.prefab using Guid(6ed2c478f82171c4083dfd49cea2ac11) Importer(815301076,1909f56bfc062723c751e8b465ee728b)  -> (artifact id: 'ff393667e0fb7dcedfac58e1e3ba661b') in 0.012344 seconds 
========================================================================
Received Import Request.
  Time since last request: 0.000020 seconds.
  path: Assets/BrokenVector/LowPolyDungeon/Prefabs/Tiles/Hallway_Curve_Short.prefab
  artifactKey: Guid(ea89d7821ddb211478ce5ff6f3ea064d) Importer(815301076,1909f56bfc062723c751e8b465ee728b)
Start importing Assets/BrokenVector/LowPolyDungeon/Prefabs/Tiles/Hallway_Curve_Short.prefab using Guid(ea89d7821ddb211478ce5ff6f3ea064d) Importer(815301076,1909f56bfc062723c751e8b465ee728b)  -> (artifact id: '9a60a85bab4b269bb278c922c8091ea9') in 0.012567 seconds 
========================================================================
Received Import Request.
  Time since last request: 0.000019 seconds.
  path: Assets/BrokenVector/LowPolyDungeon/Prefabs/Tiles/DoorGate_Wooden_Left.prefab
  artifactKey: Guid(f5e4cf5af47ee60418f92554c028a4ce) Importer(815301076,1909f56bfc062723c751e8b465ee728b)
Start importing Assets/BrokenVector/LowPolyDungeon/Prefabs/Tiles/DoorGate_Wooden_Left.prefab using Guid(f5e4cf5af47ee60418f92554c028a4ce) Importer(815301076,1909f56bfc062723c751e8b465ee728b)  -> (artifact id: 'd59cd9e2c4e68fc8c7d8db12aa103a2f') in 0.012793 seconds 
========================================================================
Received Import Request.
  Time since last request: 0.000017 seconds.
  path: Assets/BrokenVector/LowPolyDungeon/Prefabs/Tiles/Dungeon_Hall_Center_Stairs.prefab
  artifactKey: Guid(f4372e02dd0e54440977f29b6a4c317b) Importer(815301076,1909f56bfc062723c751e8b465ee728b)
Start importing Assets/BrokenVector/LowPolyDungeon/Prefabs/Tiles/Dungeon_Hall_Center_Stairs.prefab using Guid(f4372e02dd0e54440977f29b6a4c317b) Importer(815301076,1909f56bfc062723c751e8b465ee728b)  -> (artifact id: '856924d201d37d91b65ef0076a6fe6f4') in 0.011527 seconds 
========================================================================
Received Import Request.
  Time since last request: 0.000031 seconds.
  path: Assets/BrokenVector/LowPolyDungeon/Prefabs/Tiles/Dungeon_Hall_Corner.prefab
  artifactKey: Guid(d468aca3a4ae71b46a917597c89e70ac) Importer(815301076,1909f56bfc062723c751e8b465ee728b)
Start importing Assets/BrokenVector/LowPolyDungeon/Prefabs/Tiles/Dungeon_Hall_Corner.prefab using Guid(d468aca3a4ae71b46a917597c89e70ac) Importer(815301076,1909f56bfc062723c751e8b465ee728b)  -> (artifact id: '9417bd6a18d874d4121c1d906aba16fb') in 0.013952 seconds 
========================================================================
Received Import Request.
  Time since last request: 0.000022 seconds.
  path: Assets/BrokenVector/LowPolyDungeon/Prefabs/Tiles/Dungeon_Big_Window.prefab
  artifactKey: Guid(e1b562557332b084b8dbc191884e6f92) Importer(815301076,1909f56bfc062723c751e8b465ee728b)
Start importing Assets/BrokenVector/LowPolyDungeon/Prefabs/Tiles/Dungeon_Big_Window.prefab using Guid(e1b562557332b084b8dbc191884e6f92) Importer(815301076,1909f56bfc062723c751e8b465ee728b)  -> (artifact id: '00984789c141d808038fd2f8f40afa49') in 0.013043 seconds 
========================================================================
Received Import Request.
  Time since last request: 0.000017 seconds.
  path: Assets/BrokenVector/LowPolyDungeon/Prefabs/Tiles/Hallway_Crossing.prefab
  artifactKey: Guid(d8a87367ce3dea34381d129ffade9174) Importer(815301076,1909f56bfc062723c751e8b465ee728b)
Start importing Assets/BrokenVector/LowPolyDungeon/Prefabs/Tiles/Hallway_Crossing.prefab using Guid(d8a87367ce3dea34381d129ffade9174) Importer(815301076,1909f56bfc062723c751e8b465ee728b)  -> (artifact id: '3865179065e89586508e245c8065bde0') in 0.011598 seconds 
========================================================================
Received Import Request.
  Time since last request: 0.000020 seconds.
  path: Assets/BrokenVector/LowPolyDungeon/Prefabs/Tiles/Door_Wooden_Round_Left.prefab
  artifactKey: Guid(ba93fc15ee14dbf45b36696cb946115f) Importer(815301076,1909f56bfc062723c751e8b465ee728b)
Start importing Assets/BrokenVector/LowPolyDungeon/Prefabs/Tiles/Door_Wooden_Round_Left.prefab using Guid(ba93fc15ee14dbf45b36696cb946115f) Importer(815301076,1909f56bfc062723c751e8b465ee728b)  -> (artifact id: '79ee2f247080785f400447c263725828') in 0.012689 seconds 
========================================================================
Received Import Request.
  Time since last request: 0.000016 seconds.
  path: Assets/BrokenVector/LowPolyDungeon/Prefabs/Tiles/Dungeon_Big.prefab
  artifactKey: Guid(6cb084713de342d4d94969b0f4ad068f) Importer(815301076,1909f56bfc062723c751e8b465ee728b)
Start importing Assets/BrokenVector/LowPolyDungeon/Prefabs/Tiles/Dungeon_Big.prefab using Guid(6cb084713de342d4d94969b0f4ad068f) Importer(815301076,1909f56bfc062723c751e8b465ee728b)  -> (artifact id: '9b79cfe0b26428c5bbdefbb92e7bbcad') in 0.014890 seconds 
========================================================================
Received Import Request.
  Time since last request: 0.000019 seconds.
  path: Assets/BrokenVector/LowPolyDungeon/Prefabs/Tiles/Portcullis_Wood.prefab
  artifactKey: Guid(da389f98d36554042874cf88abbff5ef) Importer(815301076,1909f56bfc062723c751e8b465ee728b)
Start importing Assets/BrokenVector/LowPolyDungeon/Prefabs/Tiles/Portcullis_Wood.prefab using Guid(da389f98d36554042874cf88abbff5ef) Importer(815301076,1909f56bfc062723c751e8b465ee728b)  -> (artifact id: '58e84c14afb73666c4e4be0d0697206a') in 0.012249 seconds 
========================================================================
Received Import Request.
  Time since last request: 0.000020 seconds.
  path: Assets/BrokenVector/LowPolyDungeon/Prefabs/Tiles/Steps_Small.prefab
  artifactKey: Guid(bca29393fb49e1e4d862950ab1749426) Importer(815301076,1909f56bfc062723c751e8b465ee728b)
Start importing Assets/BrokenVector/LowPolyDungeon/Prefabs/Tiles/Steps_Small.prefab using Guid(bca29393fb49e1e4d862950ab1749426) Importer(815301076,1909f56bfc062723c751e8b465ee728b)  -> (artifact id: '7336b6ab9fedbb6f6b813c3a3f82ea4e') in 0.012043 seconds 
========================================================================
Received Import Request.
  Time since last request: 0.000019 seconds.
  path: Assets/BrokenVector/LowPolyDungeon/Prefabs/Tiles/Jail_Door_Right.prefab
  artifactKey: Guid(8b2ac275d28767a4bbd00fec5cb82b8b) Importer(815301076,1909f56bfc062723c751e8b465ee728b)
Start importing Assets/BrokenVector/LowPolyDungeon/Prefabs/Tiles/Jail_Door_Right.prefab using Guid(8b2ac275d28767a4bbd00fec5cb82b8b) Importer(815301076,1909f56bfc062723c751e8b465ee728b)  -> (artifact id: '5426595d5b08e11e2725f51ef086ae76') in 0.010827 seconds 
========================================================================
Received Import Request.
  Time since last request: 0.000021 seconds.
  path: Assets/BrokenVector/LowPolyDungeon/Prefabs/Tiles/DoorGate_Wooden_Right.prefab
  artifactKey: Guid(b7ed1f58ec447ad4fb0c93a62eb4c4b6) Importer(815301076,1909f56bfc062723c751e8b465ee728b)
Start importing Assets/BrokenVector/LowPolyDungeon/Prefabs/Tiles/DoorGate_Wooden_Right.prefab using Guid(b7ed1f58ec447ad4fb0c93a62eb4c4b6) Importer(815301076,1909f56bfc062723c751e8b465ee728b)  -> (artifact id: '71d2e4d21a0e25458c5cb60342635432') in 0.013821 seconds 
========================================================================
Received Import Request.
  Time since last request: 0.000020 seconds.
  path: Assets/BrokenVector/LowPolyDungeon/Prefabs/Tiles/Stairs_High.prefab
  artifactKey: Guid(1e5e6584f4b365c49a0edc23ccafc87b) Importer(815301076,1909f56bfc062723c751e8b465ee728b)
Start importing Assets/BrokenVector/LowPolyDungeon/Prefabs/Tiles/Stairs_High.prefab using Guid(1e5e6584f4b365c49a0edc23ccafc87b) Importer(815301076,1909f56bfc062723c751e8b465ee728b)  -> (artifact id: '36ef978154dbd5263483fc9bded26235') in 0.015857 seconds 
========================================================================
Received Import Request.
  Time since last request: 0.000034 seconds.
  path: Assets/BrokenVector/LowPolyDungeon/Prefabs/Tiles/Basement_Passage_Mix.prefab
  artifactKey: Guid(239723035b399824caf9644a73d51459) Importer(815301076,1909f56bfc062723c751e8b465ee728b)
Start importing Assets/BrokenVector/LowPolyDungeon/Prefabs/Tiles/Basement_Passage_Mix.prefab using Guid(239723035b399824caf9644a73d51459) Importer(815301076,1909f56bfc062723c751e8b465ee728b)  -> (artifact id: 'ba6b502ccc08b220ba2ce2a55a00ceaa') in 0.012974 seconds 
========================================================================
Received Import Request.
  Time since last request: 0.000020 seconds.
  path: Assets/BrokenVector/LowPolyDungeon/Prefabs/Tiles/Basement_Var3.prefab
  artifactKey: Guid(e8782814328328c44b5fd078c06fbe10) Importer(815301076,1909f56bfc062723c751e8b465ee728b)
Start importing Assets/BrokenVector/LowPolyDungeon/Prefabs/Tiles/Basement_Var3.prefab using Guid(e8782814328328c44b5fd078c06fbe10) Importer(815301076,1909f56bfc062723c751e8b465ee728b)  -> (artifact id: '96c09f22f78f784e2d5c55694f85e7a2') in 0.013788 seconds 
========================================================================
Received Import Request.
  Time since last request: 0.000020 seconds.
  path: Assets/BrokenVector/LowPolyDungeon/Prefabs/Tiles/Jail_Gate.prefab
  artifactKey: Guid(74306c807f3830a4a8f1c245e9549c6c) Importer(815301076,1909f56bfc062723c751e8b465ee728b)
Start importing Assets/BrokenVector/LowPolyDungeon/Prefabs/Tiles/Jail_Gate.prefab using Guid(74306c807f3830a4a8f1c245e9549c6c) Importer(815301076,1909f56bfc062723c751e8b465ee728b)  -> (artifact id: '6281bda6d09d7417a4bd4c91eec97ce2') in 0.013049 seconds 
========================================================================
Received Import Request.
  Time since last request: 0.000030 seconds.
  path: Assets/BrokenVector/LowPolyDungeon/Prefabs/Tiles/Basement_Passage.prefab
  artifactKey: Guid(4b0d2ea51ebd97f4d91249e4c9bbefc4) Importer(815301076,1909f56bfc062723c751e8b465ee728b)
Start importing Assets/BrokenVector/LowPolyDungeon/Prefabs/Tiles/Basement_Passage.prefab using Guid(4b0d2ea51ebd97f4d91249e4c9bbefc4) Importer(815301076,1909f56bfc062723c751e8b465ee728b)  -> (artifact id: '24c634a9625fe280314efbce5db5ec80') in 0.013423 seconds 
Editor requested this worker to shutdown with reason: Scaling down because of idle timeout
AssetImportWorker is now disconnected from the server
Process exiting
Exiting without the bug reporter. Application will terminate with return code 0